<?xml version="1.0" encoding="UTF-8"?>
<!-- Generated by org.testng.reporters.JUnitXMLReporter -->
<testsuite ignored="0" hostname="NAVN" failures="0" tests="6" name="Test" time="68.263" errors="0" timestamp="2025-05-30T22:01:02 IST">
  <testcase classname="testCases.TC_001LoginTest" name="actualtest" time="2.14"/>
  <testcase classname="testCases.TC_001AccountRegistation" name="actualtest" time="12.155"/>
  <testcase classname="testCases.TC003_LoginDDT" name="verify_loginDDT" time="3.741"/>
  <testcase classname="testCases.TC003_LoginDDT" name="verify_loginDDT" time="3.251"/>
  <testcase classname="testCases.TC003_LoginDDT" name="verify_loginDDT" time="3.531"/>
  <testcase classname="testCases.TC003_LoginDDT" name="verify_loginDDT" time="11.885"/>
</testsuite> <!-- Test -->
