<?xml version="1.0" encoding="UTF-8"?>
<testng-results ignored="0" total="6" passed="6" failed="0" skipped="0">
  <reporter-output>
  </reporter-output>
  <suite started-at="2025-05-30T21:59:54 IST" name="Suite" finished-at="2025-05-30T22:01:02 IST" duration-ms="68263">
    <groups>
      <group name="Master">
        <method signature="TC_001AccountRegistation.actualtest()[pri:0, instance:testCases.TC_001AccountRegistation@6256ac4f]" name="actualtest" class="testCases.TC_001AccountRegistation"/>
      </group> <!-- Master -->
      <group name="Sanity">
        <method signature="TC_001LoginTest.actualtest()[pri:0, instance:testCases.TC_001LoginTest@6e16b8b5]" name="actualtest" class="testCases.TC_001LoginTest"/>
      </group> <!-- Sanity -->
      <group name="Regression">
        <method signature="TC_001AccountRegistation.actualtest()[pri:0, instance:testCases.TC_001AccountRegistation@6256ac4f]" name="actualtest" class="testCases.TC_001AccountRegistation"/>
        <method signature="TC_001LoginTest.actualtest()[pri:0, instance:testCases.TC_001LoginTest@6e16b8b5]" name="actualtest" class="testCases.TC_001LoginTest"/>
      </group> <!-- Regression -->
    </groups>
    <test started-at="2025-05-30T21:59:54 IST" name="Test" finished-at="2025-05-30T22:01:02 IST" duration-ms="68263">
      <class name="testCases.TC_001LoginTest">
        <test-method is-config="true" signature="setup(java.lang.String,java.lang.String)[pri:0, instance:testCases.TC_001LoginTest@6e16b8b5]" started-at="2025-05-30T21:59:54 IST" name="setup" finished-at="2025-05-30T22:00:07 IST" duration-ms="12759" status="PASS">
          <params>
            <param index="0">
              <value>
                <![CDATA[windows]]>
              </value>
            </param>
            <param index="1">
              <value>
                <![CDATA[edge]]>
              </value>
            </param>
          </params>
          <reporter-output>
          </reporter-output>
        </test-method> <!-- setup -->
        <test-method signature="actualtest()[pri:0, instance:testCases.TC_001LoginTest@6e16b8b5]" started-at="2025-05-30T22:00:07 IST" name="actualtest" finished-at="2025-05-30T22:00:09 IST" duration-ms="2140" status="PASS">
          <reporter-output>
          </reporter-output>
        </test-method> <!-- actualtest -->
        <test-method is-config="true" signature="teardown()[pri:0, instance:testCases.TC_001LoginTest@6e16b8b5]" started-at="2025-05-30T22:00:09 IST" name="teardown" finished-at="2025-05-30T22:00:11 IST" duration-ms="1565" status="PASS">
          <reporter-output>
          </reporter-output>
        </test-method> <!-- teardown -->
      </class> <!-- testCases.TC_001LoginTest -->
      <class name="testCases.TC003_LoginDDT">
        <test-method is-config="true" signature="setup(java.lang.String,java.lang.String)[pri:0, instance:testCases.TC003_LoginDDT@44c79f32]" started-at="2025-05-30T22:00:30 IST" name="setup" finished-at="2025-05-30T22:00:34 IST" duration-ms="3937" status="PASS">
          <params>
            <param index="0">
              <value>
                <![CDATA[windows]]>
              </value>
            </param>
            <param index="1">
              <value>
                <![CDATA[edge]]>
              </value>
            </param>
          </params>
          <reporter-output>
          </reporter-output>
        </test-method> <!-- setup -->
        <test-method signature="verify_loginDDT(java.lang.String,java.lang.String,java.lang.String)[pri:0, instance:testCases.TC003_LoginDDT@44c79f32]" started-at="2025-05-30T22:00:38 IST" name="verify_loginDDT" data-provider="LoginData" finished-at="2025-05-30T22:00:42 IST" duration-ms="3741" status="PASS">
          <params>
            <param index="0">
              <value>
                <![CDATA[poi123@gmail.com]]>
              </value>
            </param>
            <param index="1">
              <value>
                <![CDATA[poi123]]>
              </value>
            </param>
            <param index="2">
              <value>
                <![CDATA[valid]]>
              </value>
            </param>
          </params>
          <reporter-output>
          </reporter-output>
        </test-method> <!-- verify_loginDDT -->
        <test-method signature="verify_loginDDT(java.lang.String,java.lang.String,java.lang.String)[pri:0, instance:testCases.TC003_LoginDDT@44c79f32]" started-at="2025-05-30T22:00:42 IST" name="verify_loginDDT" data-provider="LoginData" finished-at="2025-05-30T22:00:45 IST" duration-ms="3251" status="PASS">
          <params>
            <param index="0">
              <value>
                <![CDATA[uyt123@gmail.com]]>
              </value>
            </param>
            <param index="1">
              <value>
                <![CDATA[uyt123]]>
              </value>
            </param>
            <param index="2">
              <value>
                <![CDATA[valid]]>
              </value>
            </param>
          </params>
          <reporter-output>
          </reporter-output>
        </test-method> <!-- verify_loginDDT -->
        <test-method signature="verify_loginDDT(java.lang.String,java.lang.String,java.lang.String)[pri:0, instance:testCases.TC003_LoginDDT@44c79f32]" started-at="2025-05-30T22:00:45 IST" name="verify_loginDDT" data-provider="LoginData" finished-at="2025-05-30T22:00:49 IST" duration-ms="3531" status="PASS">
          <params>
            <param index="0">
              <value>
                <![CDATA[rew123@gmail.com]]>
              </value>
            </param>
            <param index="1">
              <value>
                <![CDATA[rew123]]>
              </value>
            </param>
            <param index="2">
              <value>
                <![CDATA[valid]]>
              </value>
            </param>
          </params>
          <reporter-output>
          </reporter-output>
        </test-method> <!-- verify_loginDDT -->
        <test-method signature="verify_loginDDT(java.lang.String,java.lang.String,java.lang.String)[pri:0, instance:testCases.TC003_LoginDDT@44c79f32]" started-at="2025-05-30T22:00:49 IST" name="verify_loginDDT" data-provider="LoginData" finished-at="2025-05-30T22:01:01 IST" duration-ms="11885" status="PASS">
          <params>
            <param index="0">
              <value>
                <![CDATA[]]>
              </value>
            </param>
            <param index="1">
              <value>
                <![CDATA[]]>
              </value>
            </param>
            <param index="2">
              <value>
                <![CDATA[]]>
              </value>
            </param>
          </params>
          <reporter-output>
          </reporter-output>
        </test-method> <!-- verify_loginDDT -->
        <test-method is-config="true" signature="teardown()[pri:0, instance:testCases.TC003_LoginDDT@44c79f32]" started-at="2025-05-30T22:01:01 IST" name="teardown" finished-at="2025-05-30T22:01:02 IST" duration-ms="1454" status="PASS">
          <reporter-output>
          </reporter-output>
        </test-method> <!-- teardown -->
      </class> <!-- testCases.TC003_LoginDDT -->
      <class name="testCases.TC_001AccountRegistation">
        <test-method is-config="true" signature="setup(java.lang.String,java.lang.String)[pri:0, instance:testCases.TC_001AccountRegistation@6256ac4f]" started-at="2025-05-30T22:00:11 IST" name="setup" finished-at="2025-05-30T22:00:16 IST" duration-ms="5481" status="PASS">
          <params>
            <param index="0">
              <value>
                <![CDATA[windows]]>
              </value>
            </param>
            <param index="1">
              <value>
                <![CDATA[edge]]>
              </value>
            </param>
          </params>
          <reporter-output>
          </reporter-output>
        </test-method> <!-- setup -->
        <test-method signature="actualtest()[pri:0, instance:testCases.TC_001AccountRegistation@6256ac4f]" started-at="2025-05-30T22:00:16 IST" name="actualtest" finished-at="2025-05-30T22:00:28 IST" duration-ms="12155" status="PASS">
          <reporter-output>
          </reporter-output>
        </test-method> <!-- actualtest -->
        <test-method is-config="true" signature="teardown()[pri:0, instance:testCases.TC_001AccountRegistation@6256ac4f]" started-at="2025-05-30T22:00:28 IST" name="teardown" finished-at="2025-05-30T22:00:30 IST" duration-ms="1581" status="PASS">
          <reporter-output>
          </reporter-output>
        </test-method> <!-- teardown -->
      </class> <!-- testCases.TC_001AccountRegistation -->
    </test> <!-- Test -->
  </suite> <!-- Suite -->
</testng-results>
